25-12-09.17:10:37.713 [main            ] INFO  IIndexGroupBuyMarketServiceTest - Starting IIndexGroupBuyMarketServiceTest using Java 1.8.0_152 on LAPTOP-N9AGQF5E with PID 5804 (started by fengzhe in C:\RUANJIAN\JAVA-Two\group-buy-market-fzzf\group-buy-market-fzzf-app)
25-12-09.17:10:37.714 [main            ] INFO  IIndexGroupBuyMarketServiceTest - The following 1 profile is active: "dev"
25-12-09.17:10:40.741 [main            ] INFO  IIndexGroupBuyMarketServiceTest - Started IIndexGroupBuyMarketServiceTest in 3.599 seconds (JVM running for 4.644)
25-12-09.17:10:41.033 [pool-2-thread-2 ] INFO  HikariDataSource       - HikariPool-1 - Starting...
25-12-09.17:10:43.772 [pool-2-thread-2 ] INFO  HikariDataSource       - HikariPool-1 - Start completed.
25-12-09.17:10:43.853 [main            ] INFO  ZJCalculateService     - 优惠策略折扣计算:0
25-12-09.17:10:44.081 [main            ] INFO  EndNode                - 拼团商品查询试算服务-EndNode userId:xiaofuge requestParameter:{"channel":"c01","goodsId":"9890001","source":"s01","userId":"xiaofuge"}
25-12-09.17:10:44.082 [main            ] INFO  IIndexGroupBuyMarketServiceTest - 请求参数:{"channel":"c01","goodsId":"9890001","source":"s01","userId":"xiaofuge"}
25-12-09.17:10:44.090 [main            ] INFO  IIndexGroupBuyMarketServiceTest - 返回结果:{"deductionPrice":80.00,"endTime":1733537980000,"goodsId":"9890001","goodsName":"《手写MyBatis：渐进式源码实践》","isEnable":false,"isVisible":false,"originalPrice":100.00,"startTime":1733537980000,"targetCount":1}
25-12-09.17:10:44.101 [SpringApplicationShutdownHook] INFO  HikariDataSource       - HikariPool-1 - Shutdown initiated...
25-12-09.17:10:44.113 [SpringApplicationShutdownHook] INFO  HikariDataSource       - HikariPool-1 - Shutdown completed.
25-12-09.17:14:46.735 [main            ] INFO  IIndexGroupBuyMarketServiceTest - Starting IIndexGroupBuyMarketServiceTest using Java 1.8.0_152 on LAPTOP-N9AGQF5E with PID 4100 (started by fengzhe in C:\RUANJIAN\JAVA-Two\group-buy-market-fzzf\group-buy-market-fzzf-app)
25-12-09.17:14:46.736 [main            ] INFO  IIndexGroupBuyMarketServiceTest - The following 1 profile is active: "dev"
25-12-09.17:14:49.403 [main            ] INFO  IIndexGroupBuyMarketServiceTest - Started IIndexGroupBuyMarketServiceTest in 3.117 seconds (JVM running for 4.062)
25-12-09.17:14:49.736 [pool-2-thread-2 ] INFO  HikariDataSource       - HikariPool-1 - Starting...
25-12-09.17:14:52.468 [pool-2-thread-2 ] INFO  HikariDataSource       - HikariPool-1 - Start completed.
25-12-09.17:14:52.527 [main            ] INFO  NCalculateService      - 优惠策略折扣计算:0
25-12-09.17:14:52.711 [main            ] INFO  EndNode                - 拼团商品查询试算服务-EndNode userId:xiaofuge requestParameter:{"channel":"c01","goodsId":"9890001","source":"s01","userId":"xiaofuge"}
25-12-09.17:14:52.712 [main            ] INFO  IIndexGroupBuyMarketServiceTest - 请求参数:{"channel":"c01","goodsId":"9890001","source":"s01","userId":"xiaofuge"}
25-12-09.17:14:52.720 [main            ] INFO  IIndexGroupBuyMarketServiceTest - 返回结果:{"deductionPrice":1.99,"endTime":1733537980000,"goodsId":"9890001","goodsName":"《手写MyBatis：渐进式源码实践》","isEnable":false,"isVisible":false,"originalPrice":100.00,"startTime":1733537980000,"targetCount":1}
25-12-09.17:14:52.732 [SpringApplicationShutdownHook] INFO  HikariDataSource       - HikariPool-1 - Shutdown initiated...
25-12-09.17:14:52.746 [SpringApplicationShutdownHook] INFO  HikariDataSource       - HikariPool-1 - Shutdown completed.
25-12-09.17:15:52.226 [main            ] INFO  IIndexGroupBuyMarketServiceTest - Starting IIndexGroupBuyMarketServiceTest using Java 1.8.0_152 on LAPTOP-N9AGQF5E with PID 12896 (started by fengzhe in C:\RUANJIAN\JAVA-Two\group-buy-market-fzzf\group-buy-market-fzzf-app)
25-12-09.17:15:52.228 [main            ] INFO  IIndexGroupBuyMarketServiceTest - The following 1 profile is active: "dev"
25-12-09.17:15:55.194 [main            ] INFO  IIndexGroupBuyMarketServiceTest - Started IIndexGroupBuyMarketServiceTest in 3.647 seconds (JVM running for 5.198)
25-12-09.17:15:55.507 [pool-2-thread-1 ] INFO  HikariDataSource       - HikariPool-1 - Starting...
25-12-09.17:15:58.360 [pool-2-thread-1 ] INFO  HikariDataSource       - HikariPool-1 - Start completed.
25-12-09.17:16:21.998 [HikariPool-1 housekeeper] WARN  HikariPool             - HikariPool-1 - Thread starvation or clock leap detected (housekeeper delta=53s637ms490µs300ns).
25-12-09.17:16:21.998 [main            ] INFO  NCalculateService      - 优惠策略折扣计算:0
25-12-09.17:16:22.204 [SpringApplicationShutdownHook] INFO  HikariDataSource       - HikariPool-1 - Shutdown initiated...
25-12-09.17:16:22.222 [SpringApplicationShutdownHook] INFO  HikariDataSource       - HikariPool-1 - Shutdown completed.
25-12-09.17:16:30.174 [main            ] INFO  IIndexGroupBuyMarketServiceTest - Starting IIndexGroupBuyMarketServiceTest using Java 1.8.0_152 on LAPTOP-N9AGQF5E with PID 17360 (started by fengzhe in C:\RUANJIAN\JAVA-Two\group-buy-market-fzzf\group-buy-market-fzzf-app)
25-12-09.17:16:30.176 [main            ] INFO  IIndexGroupBuyMarketServiceTest - The following 1 profile is active: "dev"
25-12-09.17:16:33.288 [main            ] INFO  IIndexGroupBuyMarketServiceTest - Started IIndexGroupBuyMarketServiceTest in 3.673 seconds (JVM running for 4.772)
25-12-09.17:16:33.610 [pool-2-thread-1 ] INFO  HikariDataSource       - HikariPool-1 - Starting...
25-12-09.17:16:36.522 [pool-2-thread-1 ] INFO  HikariDataSource       - HikariPool-1 - Start completed.
25-12-09.17:48:13.217 [main            ] INFO  NCalculateService      - 优惠策略折扣计算:0
25-12-09.17:48:13.218 [HikariPool-1 housekeeper] WARN  HikariPool             - HikariPool-1 - Thread starvation or clock leap detected (housekeeper delta=32m6s694ms527µs301ns).
25-12-09.17:48:13.262 [SpringApplicationShutdownHook] INFO  HikariDataSource       - HikariPool-1 - Shutdown initiated...
25-12-09.17:48:13.267 [SpringApplicationShutdownHook] INFO  HikariDataSource       - HikariPool-1 - Shutdown completed.
